<?xml version="1.0" encoding="UTF-8"?>
<!-- Generated by org.testng.reporters.JUnitReportReporter -->
<testsuite hostname="DESKTOP-SL8A88C" failures="0" tests="1" name="scripts.Testcase2" time="5.122" errors="0" timestamp="2022-05-02T17:38:50 IST" skipped="0">
  <testcase classname="scripts.Testcase2" name="tc2" time="5.122"/>
  <system-out/>
</testsuite> <!-- scripts.Testcase2 -->
