<?xml version="1.0" encoding="UTF-8"?>
<!-- Generated by org.testng.reporters.JUnitReportReporter -->
<testsuite hostname="DESKTOP-SL8A88C" failures="0" tests="1" name="scripts.Testcase" time="5.709" errors="0" timestamp="2022-05-02T17:38:50 IST" skipped="0">
  <testcase classname="scripts.Testcase" name="tc1" time="5.709"/>
  <system-out/>
</testsuite> <!-- scripts.Testcase -->
