<?xml version="1.0" encoding="UTF-8"?>
<!-- Generated by org.testng.reporters.JUnitReportReporter -->
<testsuite hostname="DESKTOP-SL8A88C" failures="0" tests="1" name="scripts.Testcase3" time="8.671" errors="0" timestamp="2022-05-02T17:38:50 IST" skipped="0">
  <testcase classname="scripts.Testcase3" name="tc3" time="8.671"/>
  <system-out/>
</testsuite> <!-- scripts.Testcase3 -->
